[2025-02-04 11:44:45] - [ERROR] - MongoDB Connected: flint-ai-chatbot-shard-00-02.nuci9.mongodb.net.

[2025-02-04 11:45:56] - [ERROR] - Error sending email: The system cannot find the path specified. (os error 3): open 'H:\Flint-AI-ChatApp\backend\dist\assets\logo\flintai_logo.png' - to flyinnsafuh@gmail.com

[2025-02-04 11:46:12] - [ERROR] - 404 Error: /api/auth/users/profile

[2025-02-04 11:46:13] - [ERROR] - 404 Error: /api/auth/users/profile

[2025-02-04 11:57:11] - [ERROR] - MongoDB Connected: flint-ai-chatbot-shard-00-00.nuci9.mongodb.net.

[2025-02-04 11:57:33] - [ERROR] - Email sent successfully! to flyinnsafuh@gmail.com

[2025-02-04 11:57:48] - [ERROR] - 404 Error: /api/auth/users/profile

[2025-02-04 11:57:48] - [ERROR] - 404 Error: /api/auth/users/profile

[2025-02-04 11:59:49] - [ERROR] - MongoDB Connected: flint-ai-chatbot-shard-00-01.nuci9.mongodb.net.

[2025-02-04 12:00:33] - [ERROR] - Email sent successfully! to flyinnsafuh@gmail.com

[2025-02-04 12:07:57] - [ERROR] - MongoDB Connected: flint-ai-chatbot-shard-00-02.nuci9.mongodb.net.

[2025-02-04 12:15:02] - [ERROR] - MongoDB Connected: flint-ai-chatbot-shard-00-02.nuci9.mongodb.net.

[2025-02-04 12:17:40] - [ERROR] - MongoDB Connected: flint-ai-chatbot-shard-00-01.nuci9.mongodb.net.

[2025-02-04 12:19:50] - [ERROR] - MongoDB Connected: flint-ai-chatbot-shard-00-02.nuci9.mongodb.net.

[2025-02-04 12:21:32] - [ERROR] - MongoDB Connected: flint-ai-chatbot-shard-00-02.nuci9.mongodb.net.

[2025-02-04 12:22:12] - [ERROR] - MongoDB Connected: flint-ai-chatbot-shard-00-01.nuci9.mongodb.net.

[2025-02-04 12:26:42] - [ERROR] - MongoDB Connected: flint-ai-chatbot-shard-00-02.nuci9.mongodb.net.

[2025-02-04 12:33:42] - [ERROR] - Email sent successfully! to flyinnsafuh@gmail.com

[2025-02-04 12:39:15] - [ERROR] - MongoDB Connected: flint-ai-chatbot-shard-00-00.nuci9.mongodb.net.

[2025-02-04 13:41:04] - [ERROR] - Email sent successfully! to flyinnsafuh@gmail.com

[2025-02-04 14:47:49] - [ERROR] - Error verifying user token: getaddrinfo ENOTFOUND flint-ai-chatbot-shard-00-00.nuci9.mongodb.net

[2025-02-04 14:48:11] - [ERROR] - Error verifying user token: getaddrinfo ENOTFOUND flint-ai-chatbot-shard-00-00.nuci9.mongodb.net

[2025-02-04 14:49:45] - [ERROR] - Error verifying user token: getaddrinfo ENOTFOUND flint-ai-chatbot-shard-00-00.nuci9.mongodb.net

[2025-02-04 14:50:05] - [ERROR] - Error verifying user token: getaddrinfo ENOTFOUND flint-ai-chatbot-shard-00-00.nuci9.mongodb.net

[2025-02-04 15:08:55] - [ERROR] - Error connecting to db: querySrv ENOTFOUND _mongodb._tcp.flint-ai-chatbot.nuci9.mongodb.net

[2025-02-04 15:16:49] - [ERROR] - Error connecting to db: querySrv ENOTFOUND _mongodb._tcp.flint-ai-chatbot.nuci9.mongodb.net

[2025-02-04 15:22:00] - [ERROR] - MongoDB Connected: flint-ai-chatbot-shard-00-02.nuci9.mongodb.net.

[2025-02-04 15:24:39] - [ERROR] - 404 Error: /api/auth/users/refresh-token

[2025-02-04 15:24:40] - [ERROR] - 404 Error: /api/auth/users/refresh-token

[2025-02-04 15:26:34] - [ERROR] - Email sent successfully! to flyinnsafuh@gmail.com

[2025-02-04 16:11:34] - [ERROR] - Error verifying user token: getaddrinfo ENOTFOUND flint-ai-chatbot-shard-00-00.nuci9.mongodb.net

[2025-02-04 16:11:34] - [ERROR] - 404 Error: /api/auth/users/refresh-token

[2025-02-04 16:11:55] - [ERROR] - Error verifying user token: getaddrinfo ENOTFOUND flint-ai-chatbot-shard-00-00.nuci9.mongodb.net

[2025-02-04 16:11:56] - [ERROR] - 404 Error: /api/auth/users/refresh-token

[2025-02-04 16:29:53] - [ERROR] - Error verifying user token: getaddrinfo ENOTFOUND flint-ai-chatbot-shard-00-00.nuci9.mongodb.net

[2025-02-04 16:30:08] - [ERROR] - 404 Error: /api/auth/users/refresh-token

[2025-02-04 16:30:14] - [ERROR] - Error verifying user token: getaddrinfo ENOTFOUND flint-ai-chatbot-shard-00-00.nuci9.mongodb.net

[2025-02-04 16:30:20] - [ERROR] - 404 Error: /api/auth/users/refresh-token

[2025-02-04 16:48:20] - [ERROR] - Error verifying user token: getaddrinfo ENOTFOUND flint-ai-chatbot-shard-00-00.nuci9.mongodb.net

[2025-02-04 16:48:20] - [ERROR] - 404 Error: /api/auth/users/refresh-token

[2025-02-04 16:48:40] - [ERROR] - Error verifying user token: getaddrinfo ENOTFOUND flint-ai-chatbot-shard-00-00.nuci9.mongodb.net

[2025-02-04 16:48:40] - [ERROR] - 404 Error: /api/auth/users/refresh-token

[2025-02-04 16:49:50] - [ERROR] - Error verifying user token: getaddrinfo ENOTFOUND flint-ai-chatbot-shard-00-00.nuci9.mongodb.net

[2025-02-04 16:49:50] - [ERROR] - 404 Error: /api/auth/users/refresh-token

[2025-02-04 16:50:10] - [ERROR] - Error verifying user token: getaddrinfo ENOTFOUND flint-ai-chatbot-shard-00-00.nuci9.mongodb.net

[2025-02-04 16:50:20] - [ERROR] - 404 Error: /api/auth/users/refresh-token

[2025-02-04 17:39:28] - [ERROR] - Error verifying user token: getaddrinfo ENOTFOUND flint-ai-chatbot-shard-00-00.nuci9.mongodb.net

[2025-02-04 17:39:28] - [ERROR] - 404 Error: /api/auth/users/refresh-token

[2025-02-04 17:39:49] - [ERROR] - Error verifying user token: getaddrinfo ENOTFOUND flint-ai-chatbot-shard-00-00.nuci9.mongodb.net

[2025-02-04 17:39:50] - [ERROR] - 404 Error: /api/auth/users/refresh-token

[2025-02-04 17:46:54] - [ERROR] - Error verifying user token: getaddrinfo ENOTFOUND flint-ai-chatbot-shard-00-00.nuci9.mongodb.net

[2025-02-04 17:46:55] - [ERROR] - 404 Error: /api/auth/users/refresh-token

[2025-02-04 17:47:16] - [ERROR] - Error verifying user token: getaddrinfo ENOTFOUND flint-ai-chatbot-shard-00-00.nuci9.mongodb.net

[2025-02-04 17:47:18] - [ERROR] - 404 Error: /api/auth/users/refresh-token

[2025-02-04 17:49:57] - [ERROR] - Error verifying user token: getaddrinfo ENOTFOUND flint-ai-chatbot-shard-00-00.nuci9.mongodb.net

[2025-02-04 17:49:57] - [ERROR] - 404 Error: /api/auth/users/refresh-token

[2025-02-04 17:50:18] - [ERROR] - Error verifying user token: getaddrinfo ENOTFOUND flint-ai-chatbot-shard-00-00.nuci9.mongodb.net

[2025-02-04 17:50:22] - [ERROR] - 404 Error: /api/auth/users/refresh-token

[2025-02-04 17:51:44] - [ERROR] - Error verifying user token: getaddrinfo ENOTFOUND flint-ai-chatbot-shard-00-00.nuci9.mongodb.net

[2025-02-04 17:51:44] - [ERROR] - 404 Error: /api/auth/users/refresh-token

[2025-02-04 17:52:04] - [ERROR] - Error verifying user token: getaddrinfo ENOTFOUND flint-ai-chatbot-shard-00-00.nuci9.mongodb.net

[2025-02-04 17:52:04] - [ERROR] - 404 Error: /api/auth/users/refresh-token

[2025-02-04 18:02:28] - [ERROR] - Error verifying user token: getaddrinfo ENOTFOUND flint-ai-chatbot-shard-00-00.nuci9.mongodb.net

[2025-02-04 18:02:28] - [ERROR] - 404 Error: /api/auth/users/refresh-token

[2025-02-04 18:02:48] - [ERROR] - Error verifying user token: getaddrinfo ENOTFOUND flint-ai-chatbot-shard-00-00.nuci9.mongodb.net

[2025-02-04 18:02:48] - [ERROR] - 404 Error: /api/auth/users/refresh-token

[2025-02-04 18:16:04] - [ERROR] - 404 Error: /api/auth/users/refresh-token

[2025-02-04 18:16:05] - [ERROR] - 404 Error: /api/auth/users/refresh-token

[2025-02-04 18:16:41] - [ERROR] - Email sent successfully! to flyinnsafuh@gmail.com

[2025-02-04 18:28:42] - [ERROR] - 404 Error: /api/auth/users/refresh-token

[2025-02-04 18:28:42] - [ERROR] - 404 Error: /api/auth/users/refresh-token

[2025-02-04 18:29:27] - [ERROR] - 404 Error: /api/auth/users/refresh-token

[2025-02-04 18:29:27] - [ERROR] - 404 Error: /api/auth/users/refresh-token

[2025-02-04 18:31:53] - [ERROR] - Email sent successfully! to flyinnsafuh@gmail.com

[2025-02-04 21:20:44] - [ERROR] - Email sent successfully! to flyinnsafuh@gmail.com

[2025-02-04 21:42:42] - [ERROR] - MongoDB Connected: flint-ai-chatbot-shard-00-02.nuci9.mongodb.net.

